<?xml version="1.0" encoding="UTF-8"?>
<coverage generated="1708814014926" clover="3.2.0">
  <project timestamp="1708814014926" name="All files">
    <metrics statements="36" coveredstatements="36" conditionals="10" coveredconditionals="10" methods="18" coveredmethods="18" elements="64" coveredelements="64" complexity="0" loc="36" ncloc="36" packages="1" files="2" classes="2"/>
    <file name="Link.ts" path="/home/moriel/code/projects/storytree/src/Objects/Link.ts">
      <metrics statements="7" coveredstatements="7" conditionals="2" coveredconditionals="2" methods="5" coveredmethods="5"/>
      <line num="4" count="2" type="stmt"/>
      <line num="9" count="29" type="stmt"/>
      <line num="10" count="29" type="cond" truecount="2" falsecount="0"/>
      <line num="14" count="37" type="stmt"/>
      <line num="18" count="4" type="stmt"/>
      <line num="22" count="1" type="stmt"/>
      <line num="26" count="1" type="stmt"/>
    </file>
    <file name="Piece.ts" path="/home/moriel/code/projects/storytree/src/Objects/Piece.ts">
      <metrics statements="29" coveredstatements="29" conditionals="8" coveredconditionals="8" methods="13" coveredmethods="13"/>
      <line num="1" count="1" type="stmt"/>
      <line num="6" count="1" type="stmt"/>
      <line num="19" count="14" type="stmt"/>
      <line num="20" count="14" type="cond" truecount="2" falsecount="0"/>
      <line num="21" count="14" type="stmt"/>
      <line num="22" count="14" type="stmt"/>
      <line num="31" count="1" type="stmt"/>
      <line num="40" count="4" type="stmt"/>
      <line num="49" count="3" type="stmt"/>
      <line num="59" count="2" type="stmt"/>
      <line num="61" count="2" type="cond" truecount="1" falsecount="0"/>
      <line num="62" count="1" type="stmt"/>
      <line num="64" count="1" type="stmt"/>
      <line num="74" count="2" type="stmt"/>
      <line num="76" count="2" type="cond" truecount="1" falsecount="0"/>
      <line num="77" count="1" type="stmt"/>
      <line num="79" count="1" type="stmt"/>
      <line num="88" count="3" type="stmt"/>
      <line num="99" count="25" type="cond" truecount="1" falsecount="0"/>
      <line num="100" count="1" type="stmt"/>
      <line num="103" count="24" type="cond" truecount="2" falsecount="0"/>
      <line num="104" count="24" type="stmt"/>
      <line num="113" count="4" type="stmt"/>
      <line num="122" count="1" type="stmt"/>
      <line num="132" count="30" type="stmt"/>
      <line num="133" count="28" type="cond" truecount="1" falsecount="0"/>
      <line num="134" count="5" type="stmt"/>
      <line num="146" count="2" type="stmt"/>
      <line num="153" count="1" type="stmt"/>
    </file>
  </project>
</coverage>
