<?xml version="1.0" encoding="UTF-8"?>
<coverage generated="1708489008373" clover="3.2.0">
  <project timestamp="1708489008373" name="All files">
    <metrics statements="50" coveredstatements="50" conditionals="18" coveredconditionals="18" methods="21" coveredmethods="21" elements="89" coveredelements="89" complexity="0" loc="50" ncloc="50" packages="1" files="3" classes="3"/>
    <file name="Link.ts" path="/home/moriel/code/projects/storytree/src/Objects/Link.ts">
      <metrics statements="7" coveredstatements="7" conditionals="2" coveredconditionals="2" methods="5" coveredmethods="5"/>
      <line num="4" count="2" type="stmt"/>
      <line num="9" count="16" type="stmt"/>
      <line num="10" count="16" type="cond" truecount="2" falsecount="0"/>
      <line num="14" count="16" type="stmt"/>
      <line num="18" count="4" type="stmt"/>
      <line num="22" count="1" type="stmt"/>
      <line num="26" count="1" type="stmt"/>
    </file>
    <file name="Piece.ts" path="/home/moriel/code/projects/storytree/src/Objects/Piece.ts">
      <metrics statements="37" coveredstatements="37" conditionals="12" coveredconditionals="12" methods="12" coveredmethods="12"/>
      <line num="1" count="1" type="stmt"/>
      <line num="2" count="1" type="stmt"/>
      <line num="8" count="1" type="stmt"/>
      <line num="23" count="20" type="stmt"/>
      <line num="24" count="20" type="stmt"/>
      <line num="27" count="20" type="stmt"/>
      <line num="32" count="20" type="cond" truecount="1" falsecount="0"/>
      <line num="33" count="1" type="stmt"/>
      <line num="43" count="10" type="stmt"/>
      <line num="55" count="7" type="cond" truecount="2" falsecount="0"/>
      <line num="56" count="7" type="cond" truecount="1" falsecount="0"/>
      <line num="57" count="1" type="stmt"/>
      <line num="59" count="6" type="stmt"/>
      <line num="61" count="6" type="stmt"/>
      <line num="71" count="2" type="cond" truecount="1" falsecount="0"/>
      <line num="72" count="1" type="stmt"/>
      <line num="74" count="1" type="stmt"/>
      <line num="85" count="2" type="cond" truecount="1" falsecount="0"/>
      <line num="86" count="1" type="stmt"/>
      <line num="89" count="1" type="stmt"/>
      <line num="99" count="3" type="cond" truecount="1" falsecount="0"/>
      <line num="100" count="1" type="stmt"/>
      <line num="103" count="2" type="stmt"/>
      <line num="108" count="12" type="cond" truecount="1" falsecount="0"/>
      <line num="109" count="1" type="stmt"/>
      <line num="112" count="11" type="cond" truecount="2" falsecount="0"/>
      <line num="113" count="11" type="stmt"/>
      <line num="117" count="7" type="stmt"/>
      <line num="121" count="1" type="stmt"/>
      <line num="125" count="14" type="stmt"/>
      <line num="126" count="7" type="cond" truecount="1" falsecount="0"/>
      <line num="127" count="3" type="stmt"/>
      <line num="133" count="1" type="stmt"/>
      <line num="134" count="1" type="cond" truecount="1" falsecount="0"/>
      <line num="135" count="1" type="stmt"/>
      <line num="136" count="1" type="stmt"/>
      <line num="142" count="1" type="stmt"/>
    </file>
    <file name="Variant.ts" path="/home/moriel/code/projects/storytree/src/Objects/Variant.ts">
      <metrics statements="6" coveredstatements="6" conditionals="4" coveredconditionals="4" methods="4" coveredmethods="4"/>
      <line num="5" count="2" type="stmt"/>
      <line num="10" count="33" type="cond" truecount="2" falsecount="0"/>
      <line num="11" count="33" type="cond" truecount="2" falsecount="0"/>
      <line num="15" count="7" type="stmt"/>
      <line num="19" count="11" type="stmt"/>
      <line num="23" count="3" type="stmt"/>
    </file>
  </project>
</coverage>
