{"/home/moriel/code/projects/storytree/src/Link.ts": {"path":"/home/moriel/code/projects/storytree/src/Link.ts","statementMap":{"0":{"start":{"line":9,"column":4},"end":{"line":9,"column":23}},"1":{"start":{"line":10,"column":4},"end":{"line":10,"column":42}},"2":{"start":{"line":14,"column":4},"end":{"line":14,"column":22}},"3":{"start":{"line":18,"column":4},"end":{"line":18,"column":25}},"4":{"start":{"line":22,"column":4},"end":{"line":22,"column":23}},"5":{"start":{"line":26,"column":4},"end":{"line":26,"column":29}},"6":{"start":{"line":4,"column":0},"end":{"line":4,"column":13}}},"fnMap":{"0":{"name":"(anonymous_0)","decl":{"start":{"line":8,"column":2},"end":{"line":8,"column":14}},"loc":{"start":{"line":8,"column":46},"end":{"line":11,"column":3}}},"1":{"name":"(anonymous_1)","decl":{"start":{"line":13,"column":2},"end":{"line":13,"column":10}},"loc":{"start":{"line":13,"column":10},"end":{"line":15,"column":3}}},"2":{"name":"(anonymous_2)","decl":{"start":{"line":17,"column":2},"end":{"line":17,"column":12}},"loc":{"start":{"line":17,"column":12},"end":{"line":19,"column":3}}},"3":{"name":"(anonymous_3)","decl":{"start":{"line":21,"column":2},"end":{"line":21,"column":11}},"loc":{"start":{"line":21,"column":25},"end":{"line":23,"column":3}}},"4":{"name":"(anonymous_4)","decl":{"start":{"line":25,"column":2},"end":{"line":25,"column":13}},"loc":{"start":{"line":25,"column":30},"end":{"line":27,"column":3}}}},"branchMap":{"0":{"loc":{"start":{"line":10,"column":20},"end":{"line":10,"column":41}},"type":"binary-expr","locations":[{"start":{"line":10,"column":20},"end":{"line":10,"column":28}},{"start":{"line":10,"column":32},"end":{"line":10,"column":41}}]}},"s":{"0":16,"1":16,"2":16,"3":4,"4":1,"5":1,"6":2},"f":{"0":16,"1":16,"2":4,"3":1,"4":1},"b":{"0":[16,1]}}
,"/home/moriel/code/projects/storytree/src/Piece.ts": {"path":"/home/moriel/code/projects/storytree/src/Piece.ts","statementMap":{"0":{"start":{"line":1,"column":0},"end":{"line":1,"column":36}},"1":{"start":{"line":2,"column":0},"end":{"line":2,"column":30}},"2":{"start":{"line":23,"column":4},"end":{"line":23,"column":17}},"3":{"start":{"line":24,"column":4},"end":{"line":24,"column":20}},"4":{"start":{"line":27,"column":4},"end":{"line":29,"column":6}},"5":{"start":{"line":32,"column":4},"end":{"line":34,"column":5}},"6":{"start":{"line":33,"column":6},"end":{"line":33,"column":51}},"7":{"start":{"line":43,"column":4},"end":{"line":43,"column":31}},"8":{"start":{"line":55,"column":4},"end":{"line":55,"column":29}},"9":{"start":{"line":56,"column":4},"end":{"line":58,"column":5}},"10":{"start":{"line":57,"column":6},"end":{"line":57,"column":48}},"11":{"start":{"line":59,"column":4},"end":{"line":59,"column":53}},"12":{"start":{"line":61,"column":4},"end":{"line":61,"column":31}},"13":{"start":{"line":71,"column":4},"end":{"line":73,"column":5}},"14":{"start":{"line":72,"column":6},"end":{"line":72,"column":65}},"15":{"start":{"line":74,"column":4},"end":{"line":74,"column":47}},"16":{"start":{"line":85,"column":4},"end":{"line":87,"column":5}},"17":{"start":{"line":86,"column":6},"end":{"line":86,"column":48}},"18":{"start":{"line":89,"column":4},"end":{"line":89,"column":44}},"19":{"start":{"line":99,"column":4},"end":{"line":101,"column":5}},"20":{"start":{"line":100,"column":6},"end":{"line":100,"column":48}},"21":{"start":{"line":103,"column":4},"end":{"line":103,"column":31}},"22":{"start":{"line":108,"column":4},"end":{"line":110,"column":5}},"23":{"start":{"line":109,"column":6},"end":{"line":109,"column":45}},"24":{"start":{"line":112,"column":4},"end":{"line":112,"column":30}},"25":{"start":{"line":113,"column":4},"end":{"line":113,"column":47}},"26":{"start":{"line":117,"column":4},"end":{"line":117,"column":22}},"27":{"start":{"line":121,"column":4},"end":{"line":121,"column":32}},"28":{"start":{"line":125,"column":4},"end":{"line":129,"column":5}},"29":{"start":{"line":125,"column":17},"end":{"line":125,"column":18}},"30":{"start":{"line":126,"column":6},"end":{"line":128,"column":7}},"31":{"start":{"line":127,"column":8},"end":{"line":127,"column":29}},"32":{"start":{"line":133,"column":4},"end":{"line":138,"column":5}},"33":{"start":{"line":133,"column":17},"end":{"line":133,"column":18}},"34":{"start":{"line":134,"column":6},"end":{"line":137,"column":7}},"35":{"start":{"line":135,"column":8},"end":{"line":135,"column":32}},"36":{"start":{"line":136,"column":8},"end":{"line":136,"column":15}},"37":{"start":{"line":142,"column":4},"end":{"line":142,"column":20}},"38":{"start":{"line":8,"column":0},"end":{"line":8,"column":13}}},"fnMap":{"0":{"name":"(anonymous_0)","decl":{"start":{"line":22,"column":2},"end":{"line":22,"column":14}},"loc":{"start":{"line":22,"column":42},"end":{"line":35,"column":3}}},"1":{"name":"(anonymous_1)","decl":{"start":{"line":42,"column":2},"end":{"line":42,"column":12}},"loc":{"start":{"line":42,"column":25},"end":{"line":44,"column":3}}},"2":{"name":"(anonymous_2)","decl":{"start":{"line":54,"column":2},"end":{"line":54,"column":12}},"loc":{"start":{"line":54,"column":44},"end":{"line":62,"column":3}}},"3":{"name":"(anonymous_3)","decl":{"start":{"line":70,"column":2},"end":{"line":70,"column":24}},"loc":{"start":{"line":70,"column":41},"end":{"line":75,"column":3}}},"4":{"name":"(anonymous_4)","decl":{"start":{"line":84,"column":2},"end":{"line":84,"column":13}},"loc":{"start":{"line":84,"column":43},"end":{"line":90,"column":3}}},"5":{"name":"(anonymous_5)","decl":{"start":{"line":98,"column":2},"end":{"line":98,"column":15}},"loc":{"start":{"line":98,"column":28},"end":{"line":104,"column":3}}},"6":{"name":"(anonymous_6)","decl":{"start":{"line":106,"column":2},"end":{"line":106,"column":9}},"loc":{"start":{"line":106,"column":42},"end":{"line":114,"column":3}}},"7":{"name":"(anonymous_7)","decl":{"start":{"line":116,"column":2},"end":{"line":116,"column":10}},"loc":{"start":{"line":116,"column":10},"end":{"line":118,"column":3}}},"8":{"name":"(anonymous_8)","decl":{"start":{"line":120,"column":2},"end":{"line":120,"column":12}},"loc":{"start":{"line":120,"column":26},"end":{"line":122,"column":3}}},"9":{"name":"(anonymous_9)","decl":{"start":{"line":124,"column":2},"end":{"line":124,"column":16}},"loc":{"start":{"line":124,"column":30},"end":{"line":130,"column":3}}},"10":{"name":"(anonymous_10)","decl":{"start":{"line":132,"column":2},"end":{"line":132,"column":19}},"loc":{"start":{"line":132,"column":33},"end":{"line":139,"column":3}}},"11":{"name":"(anonymous_11)","decl":{"start":{"line":141,"column":2},"end":{"line":141,"column":12}},"loc":{"start":{"line":141,"column":12},"end":{"line":143,"column":3}}}},"branchMap":{"0":{"loc":{"start":{"line":32,"column":4},"end":{"line":34,"column":5}},"type":"if","locations":[{"start":{"line":32,"column":4},"end":{"line":34,"column":5}}]},"1":{"loc":{"start":{"line":55,"column":11},"end":{"line":55,"column":28}},"type":"binary-expr","locations":[{"start":{"line":55,"column":11},"end":{"line":55,"column":15}},{"start":{"line":55,"column":19},"end":{"line":55,"column":28}}]},"2":{"loc":{"start":{"line":56,"column":4},"end":{"line":58,"column":5}},"type":"if","locations":[{"start":{"line":56,"column":4},"end":{"line":58,"column":5}}]},"3":{"loc":{"start":{"line":71,"column":4},"end":{"line":73,"column":5}},"type":"if","locations":[{"start":{"line":71,"column":4},"end":{"line":73,"column":5}}]},"4":{"loc":{"start":{"line":85,"column":4},"end":{"line":87,"column":5}},"type":"if","locations":[{"start":{"line":85,"column":4},"end":{"line":87,"column":5}}]},"5":{"loc":{"start":{"line":99,"column":4},"end":{"line":101,"column":5}},"type":"if","locations":[{"start":{"line":99,"column":4},"end":{"line":101,"column":5}}]},"6":{"loc":{"start":{"line":108,"column":4},"end":{"line":110,"column":5}},"type":"if","locations":[{"start":{"line":108,"column":4},"end":{"line":110,"column":5}}]},"7":{"loc":{"start":{"line":112,"column":15},"end":{"line":112,"column":29}},"type":"binary-expr","locations":[{"start":{"line":112,"column":15},"end":{"line":112,"column":23}},{"start":{"line":112,"column":27},"end":{"line":112,"column":29}}]},"8":{"loc":{"start":{"line":126,"column":6},"end":{"line":128,"column":7}},"type":"if","locations":[{"start":{"line":126,"column":6},"end":{"line":128,"column":7}}]},"9":{"loc":{"start":{"line":134,"column":6},"end":{"line":137,"column":7}},"type":"if","locations":[{"start":{"line":134,"column":6},"end":{"line":137,"column":7}}]}},"s":{"0":1,"1":1,"2":20,"3":20,"4":20,"5":20,"6":1,"7":10,"8":7,"9":7,"10":1,"11":6,"12":6,"13":2,"14":1,"15":1,"16":2,"17":1,"18":1,"19":3,"20":1,"21":2,"22":12,"23":1,"24":11,"25":11,"26":7,"27":1,"28":14,"29":14,"30":7,"31":3,"32":1,"33":1,"34":1,"35":1,"36":1,"37":1,"38":1},"f":{"0":20,"1":10,"2":7,"3":2,"4":2,"5":3,"6":12,"7":7,"8":1,"9":14,"10":1,"11":1},"b":{"0":[1],"1":[7,1],"2":[1],"3":[1],"4":[1],"5":[1],"6":[1],"7":[11,1],"8":[3],"9":[1]}}
,"/home/moriel/code/projects/storytree/src/Variant.ts": {"path":"/home/moriel/code/projects/storytree/src/Variant.ts","statementMap":{"0":{"start":{"line":10,"column":4},"end":{"line":10,"column":34}},"1":{"start":{"line":11,"column":4},"end":{"line":11,"column":33}},"2":{"start":{"line":15,"column":4},"end":{"line":15,"column":21}},"3":{"start":{"line":19,"column":4},"end":{"line":19,"column":24}},"4":{"start":{"line":23,"column":4},"end":{"line":23,"column":27}},"5":{"start":{"line":5,"column":0},"end":{"line":5,"column":13}}},"fnMap":{"0":{"name":"(anonymous_0)","decl":{"start":{"line":9,"column":2},"end":{"line":9,"column":14}},"loc":{"start":{"line":9,"column":45},"end":{"line":12,"column":3}}},"1":{"name":"(anonymous_1)","decl":{"start":{"line":14,"column":2},"end":{"line":14,"column":9}},"loc":{"start":{"line":14,"column":9},"end":{"line":16,"column":3}}},"2":{"name":"(anonymous_2)","decl":{"start":{"line":18,"column":2},"end":{"line":18,"column":12}},"loc":{"start":{"line":18,"column":12},"end":{"line":20,"column":3}}},"3":{"name":"(anonymous_3)","decl":{"start":{"line":22,"column":2},"end":{"line":22,"column":12}},"loc":{"start":{"line":22,"column":28},"end":{"line":24,"column":3}}}},"branchMap":{"0":{"loc":{"start":{"line":10,"column":16},"end":{"line":10,"column":33}},"type":"binary-expr","locations":[{"start":{"line":10,"column":16},"end":{"line":10,"column":20}},{"start":{"line":10,"column":24},"end":{"line":10,"column":33}}]},"1":{"loc":{"start":{"line":11,"column":19},"end":{"line":11,"column":32}},"type":"binary-expr","locations":[{"start":{"line":11,"column":19},"end":{"line":11,"column":26}},{"start":{"line":11,"column":30},"end":{"line":11,"column":32}}]}},"s":{"0":33,"1":33,"2":7,"3":11,"4":3,"5":2},"f":{"0":33,"1":7,"2":11,"3":3},"b":{"0":[33,1],"1":[33,26]}}
}
