TN:
SF:src/Objects/Link.ts
FN:10,(anonymous_0)
FN:15,(anonymous_1)
FN:19,(anonymous_2)
FN:23,(anonymous_3)
FN:27,(anonymous_4)
FN:31,(anonymous_5)
FNF:6
FNH:6
FNDA:32,(anonymous_0)
FNDA:45,(anonymous_1)
FNDA:1,(anonymous_2)
FNDA:5,(anonymous_3)
FNDA:1,(anonymous_4)
FNDA:1,(anonymous_5)
DA:6,2
DA:11,32
DA:12,32
DA:16,45
DA:20,1
DA:24,5
DA:28,1
DA:32,1
LF:8
LH:8
BRDA:12,0,0,32
BRDA:12,0,1,3
BRDA:24,1,0,2
BRDA:24,1,1,3
BRDA:24,2,0,5
BRDA:24,2,1,5
BRF:6
BRH:6
end_of_record
TN:
SF:src/Objects/StoryNode.ts
FN:18,(anonymous_0)
FN:25,(anonymous_1)
FN:34,(anonymous_2)
FN:43,(anonymous_3)
FN:52,(anonymous_4)
FN:62,(anonymous_5)
FN:77,(anonymous_6)
FN:91,(anonymous_7)
FN:101,(anonymous_8)
FN:116,(anonymous_9)
FN:125,(anonymous_10)
FN:135,(anonymous_11)
FN:149,(anonymous_12)
FN:156,(anonymous_13)
FNF:14
FNH:14
FNDA:45,(anonymous_0)
FNDA:3,(anonymous_1)
FNDA:1,(anonymous_2)
FNDA:5,(anonymous_3)
FNDA:3,(anonymous_4)
FNDA:2,(anonymous_5)
FNDA:2,(anonymous_6)
FNDA:6,(anonymous_7)
FNDA:28,(anonymous_8)
FNDA:5,(anonymous_9)
FNDA:1,(anonymous_10)
FNDA:33,(anonymous_11)
FNDA:3,(anonymous_12)
FNDA:1,(anonymous_13)
DA:1,2
DA:6,2
DA:19,45
DA:20,45
DA:21,45
DA:22,45
DA:26,3
DA:35,1
DA:44,5
DA:53,3
DA:63,2
DA:65,2
DA:66,1
DA:68,1
DA:78,2
DA:80,2
DA:81,1
DA:83,1
DA:92,6
DA:103,28
DA:104,1
DA:107,27
DA:108,27
DA:117,5
DA:126,1
DA:136,33
DA:137,35
DA:138,5
DA:150,3
DA:157,1
LF:30
LH:30
BRDA:20,0,0,45
BRDA:20,0,1,12
BRDA:65,1,0,1
BRDA:80,2,0,1
BRDA:103,3,0,1
BRDA:107,4,0,27
BRDA:107,4,1,2
BRDA:137,5,0,5
BRF:8
BRH:8
end_of_record
