TN:
SF:src/Link.ts
FN:8,(anonymous_0)
FN:13,(anonymous_1)
FN:17,(anonymous_2)
FN:21,(anonymous_3)
FN:25,(anonymous_4)
FNF:5
FNH:5
FNDA:16,(anonymous_0)
FNDA:16,(anonymous_1)
FNDA:4,(anonymous_2)
FNDA:1,(anonymous_3)
FNDA:1,(anonymous_4)
DA:4,2
DA:9,16
DA:10,16
DA:14,16
DA:18,4
DA:22,1
DA:26,1
LF:7
LH:7
BRDA:10,0,0,16
BRDA:10,0,1,1
BRF:2
BRH:2
end_of_record
TN:
SF:src/Piece.ts
FN:22,(anonymous_0)
FN:42,(anonymous_1)
FN:54,(anonymous_2)
FN:70,(anonymous_3)
FN:84,(anonymous_4)
FN:98,(anonymous_5)
FN:106,(anonymous_6)
FN:116,(anonymous_7)
FN:120,(anonymous_8)
FN:124,(anonymous_9)
FN:132,(anonymous_10)
FN:141,(anonymous_11)
FNF:12
FNH:12
FNDA:20,(anonymous_0)
FNDA:10,(anonymous_1)
FNDA:7,(anonymous_2)
FNDA:2,(anonymous_3)
FNDA:2,(anonymous_4)
FNDA:3,(anonymous_5)
FNDA:12,(anonymous_6)
FNDA:7,(anonymous_7)
FNDA:1,(anonymous_8)
FNDA:14,(anonymous_9)
FNDA:1,(anonymous_10)
FNDA:1,(anonymous_11)
DA:1,1
DA:2,1
DA:8,1
DA:23,20
DA:24,20
DA:27,20
DA:32,20
DA:33,1
DA:43,10
DA:55,7
DA:56,7
DA:57,1
DA:59,6
DA:61,6
DA:71,2
DA:72,1
DA:74,1
DA:85,2
DA:86,1
DA:89,1
DA:99,3
DA:100,1
DA:103,2
DA:108,12
DA:109,1
DA:112,11
DA:113,11
DA:117,7
DA:121,1
DA:125,14
DA:126,7
DA:127,3
DA:133,1
DA:134,1
DA:135,1
DA:136,1
DA:142,1
LF:37
LH:37
BRDA:32,0,0,1
BRDA:55,1,0,7
BRDA:55,1,1,1
BRDA:56,2,0,1
BRDA:71,3,0,1
BRDA:85,4,0,1
BRDA:99,5,0,1
BRDA:108,6,0,1
BRDA:112,7,0,11
BRDA:112,7,1,1
BRDA:126,8,0,3
BRDA:134,9,0,1
BRF:12
BRH:12
end_of_record
TN:
SF:src/Variant.ts
FN:9,(anonymous_0)
FN:14,(anonymous_1)
FN:18,(anonymous_2)
FN:22,(anonymous_3)
FNF:4
FNH:4
FNDA:33,(anonymous_0)
FNDA:7,(anonymous_1)
FNDA:11,(anonymous_2)
FNDA:3,(anonymous_3)
DA:5,2
DA:10,33
DA:11,33
DA:15,7
DA:19,11
DA:23,3
LF:6
LH:6
BRDA:10,0,0,33
BRDA:10,0,1,1
BRDA:11,1,0,33
BRDA:11,1,1,26
BRF:4
BRH:4
end_of_record
